{"level":"info","message":"Launch the Core Buyer URL","timestamp":"2020-02-25T12:30:16.432Z"}
{"level":"info","message":"maxmize the window","timestamp":"2020-02-25T12:30:16.435Z"}
{"level":"info","message":"Enter username","timestamp":"2020-02-25T12:31:09.204Z"}
{"level":"info","message":"Enter Password","timestamp":"2020-02-25T12:31:09.207Z"}
{"level":"info","message":"Click on Browse Product","timestamp":"2020-02-25T12:32:22.766Z"}
{"level":"info","message":"Click on checkout","timestamp":"2020-02-25T12:33:07.295Z"}
{"level":"info","message":"Click on One time Address","timestamp":"2020-02-25T12:33:07.297Z"}
{"level":"info","message":"select country","timestamp":"2020-02-25T12:33:07.299Z"}
{"level":"info","message":"Enter first namet","timestamp":"2020-02-25T12:33:07.301Z"}
{"level":"info","message":"Enter Last Name","timestamp":"2020-02-25T12:33:07.306Z"}
{"level":"info","message":"Enter company Name","timestamp":"2020-02-25T12:33:07.309Z"}
{"level":"info","message":"Enter Address1","timestamp":"2020-02-25T12:33:07.312Z"}
{"level":"info","message":"Enter Address2","timestamp":"2020-02-25T12:33:07.314Z"}
{"level":"info","message":"Enter city Name","timestamp":"2020-02-25T12:33:07.316Z"}
{"level":"info","message":"Select State","timestamp":"2020-02-25T12:33:07.317Z"}
{"level":"info","message":"Enter zipcodet","timestamp":"2020-02-25T12:33:07.319Z"}
{"level":"info","message":"Enter Phone","timestamp":"2020-02-25T12:33:07.324Z"}
{"level":"info","message":"Click on Save","timestamp":"2020-02-25T12:33:07.326Z"}
{"level":"info","message":"Click on save and continue","timestamp":"2020-02-25T12:33:07.328Z"}
{"level":"info","message":"Select shipping Method","timestamp":"2020-02-25T12:33:07.329Z"}
{"level":"info","message":"Click on Save and continue","timestamp":"2020-02-25T12:33:07.332Z"}
{"level":"info","message":"Enter Comments","timestamp":"2020-02-25T12:33:07.336Z"}
{"level":"info","message":"Enter dummy instruction","timestamp":"2020-02-25T12:33:07.342Z"}
{"level":"info","message":"Enter wareHouse inst..","timestamp":"2020-02-25T12:33:07.346Z"}
{"level":"info","message":"Click on Submit order","timestamp":"2020-02-25T12:33:07.353Z"}
{"level":"info","message":"Launch the Core Buyer URL","timestamp":"2020-02-25T12:55:54.910Z"}
{"level":"info","message":"maxmize the window","timestamp":"2020-02-25T12:55:54.912Z"}
{"level":"info","message":"Enter username","timestamp":"2020-02-25T12:56:12.998Z"}
{"level":"info","message":"Enter Password","timestamp":"2020-02-25T12:56:13.001Z"}
{"level":"info","message":"Click on Browse Product","timestamp":"2020-02-25T12:57:25.332Z"}
{"level":"info","message":"Click on checkout","timestamp":"2020-02-25T12:58:09.756Z"}
{"level":"info","message":"Click on One time Address","timestamp":"2020-02-25T12:58:09.759Z"}
{"level":"info","message":"select country","timestamp":"2020-02-25T12:58:09.761Z"}
{"level":"info","message":"Enter first namet","timestamp":"2020-02-25T12:58:09.765Z"}
{"level":"info","message":"Enter Last Name","timestamp":"2020-02-25T12:58:09.771Z"}
{"level":"info","message":"Enter company Name","timestamp":"2020-02-25T12:58:09.775Z"}
{"level":"info","message":"Enter Address1","timestamp":"2020-02-25T12:58:09.779Z"}
{"level":"info","message":"Enter Address2","timestamp":"2020-02-25T12:58:09.784Z"}
{"level":"info","message":"Enter city Name","timestamp":"2020-02-25T12:58:09.788Z"}
{"level":"info","message":"Select State","timestamp":"2020-02-25T12:58:09.789Z"}
{"level":"info","message":"Enter zipcodet","timestamp":"2020-02-25T12:58:09.792Z"}
{"level":"info","message":"Enter Phone","timestamp":"2020-02-25T12:58:09.795Z"}
{"level":"info","message":"Click on Save","timestamp":"2020-02-25T12:58:09.798Z"}
{"level":"info","message":"Click on save and continue","timestamp":"2020-02-25T12:58:09.802Z"}
{"level":"info","message":"Select shipping Method","timestamp":"2020-02-25T12:58:09.803Z"}
{"level":"info","message":"Click on Save and continue","timestamp":"2020-02-25T12:58:09.806Z"}
{"level":"info","message":"Enter Comments","timestamp":"2020-02-25T12:58:09.808Z"}
{"level":"info","message":"Enter dummy instruction","timestamp":"2020-02-25T12:58:09.811Z"}
{"level":"info","message":"Enter wareHouse inst..","timestamp":"2020-02-25T12:58:09.815Z"}
{"level":"info","message":"Click on Submit order","timestamp":"2020-02-25T12:58:09.823Z"}
